2026-07-01 12:33:47,440 [ERROR] app - Error interno del servidor: 'utf-8' codec can't decode byte 0xab in position 96: invalid start byte
Traceback (most recent call last):
  File "C:\apps\python\flask\api-gis\app\routes\acceso.py", line 51, in acceso_visor
    .first()
     ~~~~~^^
  File "C:\apps\python\flask\api-gis\venv\Lib\site-packages\sqlalchemy\orm\query.py", line 2759, in first
    return self.limit(1)._iter().first()  # type: ignore
           ~~~~~~~~~~~~~~~~~~~^^
  File "C:\apps\python\flask\api-gis\venv\Lib\site-packages\sqlalchemy\orm\query.py", line 2857, in _iter
    result: Union[ScalarResult[_T], Result[_T]] = self.session.execute(
                                                  ~~~~~~~~~~~~~~~~~~~~^
        statement,
        ^^^^^^^^^^
        params,
        ^^^^^^^
        execution_options={"_sa_orm_load_options": self.load_options},
        ^^^^^^^^^^^^^^^^^^^^^^^^^^^^^^^^^^^^^^^^^^^^^^^^^^^^^^^^^^^^^^
    )
    ^
  File "C:\apps\python\flask\api-gis\venv\Lib\site-packages\sqlalchemy\orm\session.py", line 2365, in execute
    return self._execute_internal(
           ~~~~~~~~~~~~~~~~~~~~~~^
        statement,
        ^^^^^^^^^^
    ...<4 lines>...
        _add_event=_add_event,
        ^^^^^^^^^^^^^^^^^^^^^^
    )
    ^
  File "C:\apps\python\flask\api-gis\venv\Lib\site-packages\sqlalchemy\orm\session.py", line 2241, in _execute_internal
    conn = self._connection_for_bind(bind)
  File "C:\apps\python\flask\api-gis\venv\Lib\site-packages\sqlalchemy\orm\session.py", line 2110, in _connection_for_bind
    return trans._connection_for_bind(engine, execution_options)
           ~~~~~~~~~~~~~~~~~~~~~~~~~~^^^^^^^^^^^^^^^^^^^^^^^^^^^
  File "<string>", line 2, in _connection_for_bind
  File "C:\apps\python\flask\api-gis\venv\Lib\site-packages\sqlalchemy\orm\state_changes.py", line 139, in _go
    ret_value = fn(self, *arg, **kw)
  File "C:\apps\python\flask\api-gis\venv\Lib\site-packages\sqlalchemy\orm\session.py", line 1189, in _connection_for_bind
    conn = bind.connect()
  File "C:\apps\python\flask\api-gis\venv\Lib\site-packages\sqlalchemy\engine\base.py", line 3273, in connect
    return self._connection_cls(self)
           ~~~~~~~~~~~~~~~~~~~~^^^^^^
  File "C:\apps\python\flask\api-gis\venv\Lib\site-packages\sqlalchemy\engine\base.py", line 145, in __init__
    self._dbapi_connection = engine.raw_connection()
                             ~~~~~~~~~~~~~~~~~~~~~^^
  File "C:\apps\python\flask\api-gis\venv\Lib\site-packages\sqlalchemy\engine\base.py", line 3297, in raw_connection
    return self.pool.connect()
           ~~~~~~~~~~~~~~~~~^^
  File "C:\apps\python\flask\api-gis\venv\Lib\site-packages\sqlalchemy\pool\base.py", line 449, in connect
    return _ConnectionFairy._checkout(self)
           ~~~~~~~~~~~~~~~~~~~~~~~~~~^^^^^^
  File "C:\apps\python\flask\api-gis\venv\Lib\site-packages\sqlalchemy\pool\base.py", line 1264, in _checkout
    fairy = _ConnectionRecord.checkout(pool)
  File "C:\apps\python\flask\api-gis\venv\Lib\site-packages\sqlalchemy\pool\base.py", line 713, in checkout
    rec = pool._do_get()
  File "C:\apps\python\flask\api-gis\venv\Lib\site-packages\sqlalchemy\pool\impl.py", line 179, in _do_get
    with util.safe_reraise():
         ~~~~~~~~~~~~~~~~~^^
  File "C:\apps\python\flask\api-gis\venv\Lib\site-packages\sqlalchemy\util\langhelpers.py", line 224, in __exit__
    raise exc_value.with_traceback(exc_tb)
  File "C:\apps\python\flask\api-gis\venv\Lib\site-packages\sqlalchemy\pool\impl.py", line 177, in _do_get
    return self._create_connection()
           ~~~~~~~~~~~~~~~~~~~~~~~^^
  File "C:\apps\python\flask\api-gis\venv\Lib\site-packages\sqlalchemy\pool\base.py", line 390, in _create_connection
    return _ConnectionRecord(self)
  File "C:\apps\python\flask\api-gis\venv\Lib\site-packages\sqlalchemy\pool\base.py", line 675, in __init__
    self.__connect()
    ~~~~~~~~~~~~~~^^
  File "C:\apps\python\flask\api-gis\venv\Lib\site-packages\sqlalchemy\pool\base.py", line 901, in __connect
    with util.safe_reraise():
         ~~~~~~~~~~~~~~~~~^^
  File "C:\apps\python\flask\api-gis\venv\Lib\site-packages\sqlalchemy\util\langhelpers.py", line 224, in __exit__
    raise exc_value.with_traceback(exc_tb)
  File "C:\apps\python\flask\api-gis\venv\Lib\site-packages\sqlalchemy\pool\base.py", line 897, in __connect
    self.dbapi_connection = connection = pool._invoke_creator(self)
                                         ~~~~~~~~~~~~~~~~~~~~^^^^^^
  File "C:\apps\python\flask\api-gis\venv\Lib\site-packages\sqlalchemy\engine\create.py", line 646, in connect
    return dialect.connect(*cargs, **cparams)
           ~~~~~~~~~~~~~~~^^^^^^^^^^^^^^^^^^^
  File "C:\apps\python\flask\api-gis\venv\Lib\site-packages\sqlalchemy\engine\default.py", line 625, in connect
    return self.loaded_dbapi.connect(*cargs, **cparams)  # type: ignore[no-any-return]  # NOQA: E501
           ~~~~~~~~~~~~~~~~~~~~~~~~~^^^^^^^^^^^^^^^^^^^
  File "C:\apps\python\flask\api-gis\venv\Lib\site-packages\psycopg2\__init__.py", line 135, in connect
    conn = _connect(dsn, connection_factory=connection_factory, **kwasync)
UnicodeDecodeError: 'utf-8' codec can't decode byte 0xab in position 96: invalid start byte
2026-07-01 12:34:21,961 [ERROR] app - Error interno del servidor: 'utf-8' codec can't decode byte 0xab in position 96: invalid start byte
Traceback (most recent call last):
  File "C:\apps\python\flask\api-gis\app\routes\acceso.py", line 51, in acceso_visor
    .first()
     ~~~~~^^
  File "C:\apps\python\flask\api-gis\venv\Lib\site-packages\sqlalchemy\orm\query.py", line 2759, in first
    return self.limit(1)._iter().first()  # type: ignore
           ~~~~~~~~~~~~~~~~~~~^^
  File "C:\apps\python\flask\api-gis\venv\Lib\site-packages\sqlalchemy\orm\query.py", line 2857, in _iter
    result: Union[ScalarResult[_T], Result[_T]] = self.session.execute(
                                                  ~~~~~~~~~~~~~~~~~~~~^
        statement,
        ^^^^^^^^^^
        params,
        ^^^^^^^
        execution_options={"_sa_orm_load_options": self.load_options},
        ^^^^^^^^^^^^^^^^^^^^^^^^^^^^^^^^^^^^^^^^^^^^^^^^^^^^^^^^^^^^^^
    )
    ^
  File "C:\apps\python\flask\api-gis\venv\Lib\site-packages\sqlalchemy\orm\session.py", line 2365, in execute
    return self._execute_internal(
           ~~~~~~~~~~~~~~~~~~~~~~^
        statement,
        ^^^^^^^^^^
    ...<4 lines>...
        _add_event=_add_event,
        ^^^^^^^^^^^^^^^^^^^^^^
    )
    ^
  File "C:\apps\python\flask\api-gis\venv\Lib\site-packages\sqlalchemy\orm\session.py", line 2241, in _execute_internal
    conn = self._connection_for_bind(bind)
  File "C:\apps\python\flask\api-gis\venv\Lib\site-packages\sqlalchemy\orm\session.py", line 2110, in _connection_for_bind
    return trans._connection_for_bind(engine, execution_options)
           ~~~~~~~~~~~~~~~~~~~~~~~~~~^^^^^^^^^^^^^^^^^^^^^^^^^^^
  File "<string>", line 2, in _connection_for_bind
  File "C:\apps\python\flask\api-gis\venv\Lib\site-packages\sqlalchemy\orm\state_changes.py", line 139, in _go
    ret_value = fn(self, *arg, **kw)
  File "C:\apps\python\flask\api-gis\venv\Lib\site-packages\sqlalchemy\orm\session.py", line 1189, in _connection_for_bind
    conn = bind.connect()
  File "C:\apps\python\flask\api-gis\venv\Lib\site-packages\sqlalchemy\engine\base.py", line 3273, in connect
    return self._connection_cls(self)
           ~~~~~~~~~~~~~~~~~~~~^^^^^^
  File "C:\apps\python\flask\api-gis\venv\Lib\site-packages\sqlalchemy\engine\base.py", line 145, in __init__
    self._dbapi_connection = engine.raw_connection()
                             ~~~~~~~~~~~~~~~~~~~~~^^
  File "C:\apps\python\flask\api-gis\venv\Lib\site-packages\sqlalchemy\engine\base.py", line 3297, in raw_connection
    return self.pool.connect()
           ~~~~~~~~~~~~~~~~~^^
  File "C:\apps\python\flask\api-gis\venv\Lib\site-packages\sqlalchemy\pool\base.py", line 449, in connect
    return _ConnectionFairy._checkout(self)
           ~~~~~~~~~~~~~~~~~~~~~~~~~~^^^^^^
  File "C:\apps\python\flask\api-gis\venv\Lib\site-packages\sqlalchemy\pool\base.py", line 1264, in _checkout
    fairy = _ConnectionRecord.checkout(pool)
  File "C:\apps\python\flask\api-gis\venv\Lib\site-packages\sqlalchemy\pool\base.py", line 713, in checkout
    rec = pool._do_get()
  File "C:\apps\python\flask\api-gis\venv\Lib\site-packages\sqlalchemy\pool\impl.py", line 179, in _do_get
    with util.safe_reraise():
         ~~~~~~~~~~~~~~~~~^^
  File "C:\apps\python\flask\api-gis\venv\Lib\site-packages\sqlalchemy\util\langhelpers.py", line 224, in __exit__
    raise exc_value.with_traceback(exc_tb)
  File "C:\apps\python\flask\api-gis\venv\Lib\site-packages\sqlalchemy\pool\impl.py", line 177, in _do_get
    return self._create_connection()
           ~~~~~~~~~~~~~~~~~~~~~~~^^
  File "C:\apps\python\flask\api-gis\venv\Lib\site-packages\sqlalchemy\pool\base.py", line 390, in _create_connection
    return _ConnectionRecord(self)
  File "C:\apps\python\flask\api-gis\venv\Lib\site-packages\sqlalchemy\pool\base.py", line 675, in __init__
    self.__connect()
    ~~~~~~~~~~~~~~^^
  File "C:\apps\python\flask\api-gis\venv\Lib\site-packages\sqlalchemy\pool\base.py", line 901, in __connect
    with util.safe_reraise():
         ~~~~~~~~~~~~~~~~~^^
  File "C:\apps\python\flask\api-gis\venv\Lib\site-packages\sqlalchemy\util\langhelpers.py", line 224, in __exit__
    raise exc_value.with_traceback(exc_tb)
  File "C:\apps\python\flask\api-gis\venv\Lib\site-packages\sqlalchemy\pool\base.py", line 897, in __connect
    self.dbapi_connection = connection = pool._invoke_creator(self)
                                         ~~~~~~~~~~~~~~~~~~~~^^^^^^
  File "C:\apps\python\flask\api-gis\venv\Lib\site-packages\sqlalchemy\engine\create.py", line 646, in connect
    return dialect.connect(*cargs, **cparams)
           ~~~~~~~~~~~~~~~^^^^^^^^^^^^^^^^^^^
  File "C:\apps\python\flask\api-gis\venv\Lib\site-packages\sqlalchemy\engine\default.py", line 625, in connect
    return self.loaded_dbapi.connect(*cargs, **cparams)  # type: ignore[no-any-return]  # NOQA: E501
           ~~~~~~~~~~~~~~~~~~~~~~~~~^^^^^^^^^^^^^^^^^^^
  File "C:\apps\python\flask\api-gis\venv\Lib\site-packages\psycopg2\__init__.py", line 135, in connect
    conn = _connect(dsn, connection_factory=connection_factory, **kwasync)
UnicodeDecodeError: 'utf-8' codec can't decode byte 0xab in position 96: invalid start byte
2026-07-01 23:26:28,536 [ERROR] app - Error al obtener config de backup
Traceback (most recent call last):
  File "C:\apps\python\flask\api-gis\venv\Lib\site-packages\sqlalchemy\engine\base.py", line 1963, in _exec_single_context
    self.dialect.do_execute(
    ~~~~~~~~~~~~~~~~~~~~~~~^
        cursor, str_statement, effective_parameters, context
        ^^^^^^^^^^^^^^^^^^^^^^^^^^^^^^^^^^^^^^^^^^^^^^^^^^^^
    )
    ^
  File "C:\apps\python\flask\api-gis\venv\Lib\site-packages\sqlalchemy\engine\default.py", line 943, in do_execute
    cursor.execute(statement, parameters)
    ~~~~~~~~~~~~~~^^^^^^^^^^^^^^^^^^^^^^^
psycopg2.errors.UndefinedTable: no existe la relación «catastro.tf_backup_config»
LINE 2: FROM catastro.tf_backup_config 
             ^


The above exception was the direct cause of the following exception:

Traceback (most recent call last):
  File "C:\apps\python\flask\api-gis\app\routes\backup.py", line 22, in obtener_configuracion
    config = BackupConfig.query.first()
  File "C:\apps\python\flask\api-gis\venv\Lib\site-packages\sqlalchemy\orm\query.py", line 2759, in first
    return self.limit(1)._iter().first()  # type: ignore
           ~~~~~~~~~~~~~~~~~~~^^
  File "C:\apps\python\flask\api-gis\venv\Lib\site-packages\sqlalchemy\orm\query.py", line 2857, in _iter
    result: Union[ScalarResult[_T], Result[_T]] = self.session.execute(
                                                  ~~~~~~~~~~~~~~~~~~~~^
        statement,
        ^^^^^^^^^^
        params,
        ^^^^^^^
        execution_options={"_sa_orm_load_options": self.load_options},
        ^^^^^^^^^^^^^^^^^^^^^^^^^^^^^^^^^^^^^^^^^^^^^^^^^^^^^^^^^^^^^^
    )
    ^
  File "C:\apps\python\flask\api-gis\venv\Lib\site-packages\sqlalchemy\orm\session.py", line 2365, in execute
    return self._execute_internal(
           ~~~~~~~~~~~~~~~~~~~~~~^
        statement,
        ^^^^^^^^^^
    ...<4 lines>...
        _add_event=_add_event,
        ^^^^^^^^^^^^^^^^^^^^^^
    )
    ^
  File "C:\apps\python\flask\api-gis\venv\Lib\site-packages\sqlalchemy\orm\session.py", line 2251, in _execute_internal
    result: Result[Any] = compile_state_cls.orm_execute_statement(
                          ~~~~~~~~~~~~~~~~~~~~~~~~~~~~~~~~~~~~~~~^
        self,
        ^^^^^
    ...<4 lines>...
        conn,
        ^^^^^
    )
    ^
  File "C:\apps\python\flask\api-gis\venv\Lib\site-packages\sqlalchemy\orm\context.py", line 306, in orm_execute_statement
    result = conn.execute(
        statement, params or {}, execution_options=execution_options
    )
  File "C:\apps\python\flask\api-gis\venv\Lib\site-packages\sqlalchemy\engine\base.py", line 1415, in execute
    return meth(
        self,
        distilled_parameters,
        execution_options or NO_OPTIONS,
    )
  File "C:\apps\python\flask\api-gis\venv\Lib\site-packages\sqlalchemy\sql\elements.py", line 523, in _execute_on_connection
    return connection._execute_clauseelement(
           ~~~~~~~~~~~~~~~~~~~~~~~~~~~~~~~~~^
        self, distilled_params, execution_options
        ^^^^^^^^^^^^^^^^^^^^^^^^^^^^^^^^^^^^^^^^^
    )
    ^
  File "C:\apps\python\flask\api-gis\venv\Lib\site-packages\sqlalchemy\engine\base.py", line 1637, in _execute_clauseelement
    ret = self._execute_context(
        dialect,
    ...<8 lines>...
        cache_hit=cache_hit,
    )
  File "C:\apps\python\flask\api-gis\venv\Lib\site-packages\sqlalchemy\engine\base.py", line 1842, in _execute_context
    return self._exec_single_context(
           ~~~~~~~~~~~~~~~~~~~~~~~~~^
        dialect, context, statement, parameters
        ^^^^^^^^^^^^^^^^^^^^^^^^^^^^^^^^^^^^^^^
    )
    ^
  File "C:\apps\python\flask\api-gis\venv\Lib\site-packages\sqlalchemy\engine\base.py", line 1982, in _exec_single_context
    self._handle_dbapi_exception(
    ~~~~~~~~~~~~~~~~~~~~~~~~~~~~^
        e, str_statement, effective_parameters, cursor, context
        ^^^^^^^^^^^^^^^^^^^^^^^^^^^^^^^^^^^^^^^^^^^^^^^^^^^^^^^
    )
    ^
  File "C:\apps\python\flask\api-gis\venv\Lib\site-packages\sqlalchemy\engine\base.py", line 2351, in _handle_dbapi_exception
    raise sqlalchemy_exception.with_traceback(exc_info[2]) from e
  File "C:\apps\python\flask\api-gis\venv\Lib\site-packages\sqlalchemy\engine\base.py", line 1963, in _exec_single_context
    self.dialect.do_execute(
    ~~~~~~~~~~~~~~~~~~~~~~~^
        cursor, str_statement, effective_parameters, context
        ^^^^^^^^^^^^^^^^^^^^^^^^^^^^^^^^^^^^^^^^^^^^^^^^^^^^
    )
    ^
  File "C:\apps\python\flask\api-gis\venv\Lib\site-packages\sqlalchemy\engine\default.py", line 943, in do_execute
    cursor.execute(statement, parameters)
    ~~~~~~~~~~~~~~^^^^^^^^^^^^^^^^^^^^^^^
sqlalchemy.exc.ProgrammingError: (psycopg2.errors.UndefinedTable) no existe la relación «catastro.tf_backup_config»
LINE 2: FROM catastro.tf_backup_config 
             ^

[SQL: SELECT catastro.tf_backup_config.id AS catastro_tf_backup_config_id, catastro.tf_backup_config.ruta_destino AS catastro_tf_backup_config_ruta_destino, catastro.tf_backup_config.frecuencia_tipo AS catastro_tf_backup_config_frecuencia_tipo, catastro.tf_backup_config.hora_backup AS catastro_tf_backup_config_hora_backup, catastro.tf_backup_config.activo AS catastro_tf_backup_config_activo, catastro.tf_backup_config.fecha_creacion AS catastro_tf_backup_config_fecha_creacion, catastro.tf_backup_config.fecha_actualizacion AS catastro_tf_backup_config_fecha_actualizacion 
FROM catastro.tf_backup_config 
 LIMIT %(param_1)s]
[parameters: {'param_1': 1}]
(Background on this error at: https://sqlalche.me/e/20/f405)
2026-07-01 23:27:27,756 [ERROR] app - Error en importación en segundo plano
Traceback (most recent call last):
  File "C:\apps\python\flask\api-gis\venv\Lib\site-packages\sqlalchemy\engine\base.py", line 2114, in _exec_insertmany_context
    dialect.do_execute(
    ~~~~~~~~~~~~~~~~~~^
        cursor,
        ^^^^^^^
    ...<2 lines>...
        context,
        ^^^^^^^^
    )
    ^
  File "C:\apps\python\flask\api-gis\venv\Lib\site-packages\sqlalchemy\engine\default.py", line 943, in do_execute
    cursor.execute(statement, parameters)
    ~~~~~~~~~~~~~~^^^^^^^^^^^^^^^^^^^^^^^
psycopg2.errors.InsufficientPrivilege: permiso denegado a la tabla tg_sector


The above exception was the direct cause of the following exception:

Traceback (most recent call last):
  File "C:\apps\python\flask\api-gis\app\routes\geodata.py", line 653, in _run_import
    with db.session.begin():
         ~~~~~~~~~~~~~~~~^^
  File "C:\apps\python\flask\api-gis\venv\Lib\site-packages\sqlalchemy\engine\util.py", line 147, in __exit__
    with util.safe_reraise():
         ~~~~~~~~~~~~~~~~~^^
  File "C:\apps\python\flask\api-gis\venv\Lib\site-packages\sqlalchemy\util\langhelpers.py", line 224, in __exit__
    raise exc_value.with_traceback(exc_tb)
  File "C:\apps\python\flask\api-gis\venv\Lib\site-packages\sqlalchemy\engine\util.py", line 145, in __exit__
    self.commit()
    ~~~~~~~~~~~^^
  File "<string>", line 2, in commit
  File "C:\apps\python\flask\api-gis\venv\Lib\site-packages\sqlalchemy\orm\state_changes.py", line 139, in _go
    ret_value = fn(self, *arg, **kw)
  File "C:\apps\python\flask\api-gis\venv\Lib\site-packages\sqlalchemy\orm\session.py", line 1313, in commit
    self._prepare_impl()
    ~~~~~~~~~~~~~~~~~~^^
  File "<string>", line 2, in _prepare_impl
  File "C:\apps\python\flask\api-gis\venv\Lib\site-packages\sqlalchemy\orm\state_changes.py", line 139, in _go
    ret_value = fn(self, *arg, **kw)
  File "C:\apps\python\flask\api-gis\venv\Lib\site-packages\sqlalchemy\orm\session.py", line 1288, in _prepare_impl
    self.session.flush()
    ~~~~~~~~~~~~~~~~~~^^
  File "C:\apps\python\flask\api-gis\venv\Lib\site-packages\sqlalchemy\orm\session.py", line 4345, in flush
    self._flush(objects)
    ~~~~~~~~~~~^^^^^^^^^
  File "C:\apps\python\flask\api-gis\venv\Lib\site-packages\sqlalchemy\orm\session.py", line 4480, in _flush
    with util.safe_reraise():
         ~~~~~~~~~~~~~~~~~^^
  File "C:\apps\python\flask\api-gis\venv\Lib\site-packages\sqlalchemy\util\langhelpers.py", line 224, in __exit__
    raise exc_value.with_traceback(exc_tb)
  File "C:\apps\python\flask\api-gis\venv\Lib\site-packages\sqlalchemy\orm\session.py", line 4441, in _flush
    flush_context.execute()
    ~~~~~~~~~~~~~~~~~~~~~^^
  File "C:\apps\python\flask\api-gis\venv\Lib\site-packages\sqlalchemy\orm\unitofwork.py", line 466, in execute
    rec.execute(self)
    ~~~~~~~~~~~^^^^^^
  File "C:\apps\python\flask\api-gis\venv\Lib\site-packages\sqlalchemy\orm\unitofwork.py", line 642, in execute
    util.preloaded.orm_persistence.save_obj(
    ~~~~~~~~~~~~~~~~~~~~~~~~~~~~~~~~~~~~~~~^
        self.mapper,
        ^^^^^^^^^^^^
        uow.states_for_mapper_hierarchy(self.mapper, False, False),
        ^^^^^^^^^^^^^^^^^^^^^^^^^^^^^^^^^^^^^^^^^^^^^^^^^^^^^^^^^^^
        uow,
        ^^^^
    )
    ^
  File "C:\apps\python\flask\api-gis\venv\Lib\site-packages\sqlalchemy\orm\persistence.py", line 93, in save_obj
    _emit_insert_statements(
    ~~~~~~~~~~~~~~~~~~~~~~~^
        base_mapper,
        ^^^^^^^^^^^^
    ...<3 lines>...
        insert,
        ^^^^^^^
    )
    ^
  File "C:\apps\python\flask\api-gis\venv\Lib\site-packages\sqlalchemy\orm\persistence.py", line 1143, in _emit_insert_statements
    result = connection.execute(
        statement, multiparams, execution_options=execution_options
    )
  File "C:\apps\python\flask\api-gis\venv\Lib\site-packages\sqlalchemy\engine\base.py", line 1415, in execute
    return meth(
        self,
        distilled_parameters,
        execution_options or NO_OPTIONS,
    )
  File "C:\apps\python\flask\api-gis\venv\Lib\site-packages\sqlalchemy\sql\elements.py", line 523, in _execute_on_connection
    return connection._execute_clauseelement(
           ~~~~~~~~~~~~~~~~~~~~~~~~~~~~~~~~~^
        self, distilled_params, execution_options
        ^^^^^^^^^^^^^^^^^^^^^^^^^^^^^^^^^^^^^^^^^
    )
    ^
  File "C:\apps\python\flask\api-gis\venv\Lib\site-packages\sqlalchemy\engine\base.py", line 1637, in _execute_clauseelement
    ret = self._execute_context(
        dialect,
    ...<8 lines>...
        cache_hit=cache_hit,
    )
  File "C:\apps\python\flask\api-gis\venv\Lib\site-packages\sqlalchemy\engine\base.py", line 1840, in _execute_context
    return self._exec_insertmany_context(dialect, context)
           ~~~~~~~~~~~~~~~~~~~~~~~~~~~~~^^^^^^^^^^^^^^^^^^
  File "C:\apps\python\flask\api-gis\venv\Lib\site-packages\sqlalchemy\engine\base.py", line 2122, in _exec_insertmany_context
    self._handle_dbapi_exception(
    ~~~~~~~~~~~~~~~~~~~~~~~~~~~~^
        e,
        ^^
    ...<4 lines>...
        is_sub_exec=True,
        ^^^^^^^^^^^^^^^^^
    )
    ^
  File "C:\apps\python\flask\api-gis\venv\Lib\site-packages\sqlalchemy\engine\base.py", line 2351, in _handle_dbapi_exception
    raise sqlalchemy_exception.with_traceback(exc_info[2]) from e
  File "C:\apps\python\flask\api-gis\venv\Lib\site-packages\sqlalchemy\engine\base.py", line 2114, in _exec_insertmany_context
    dialect.do_execute(
    ~~~~~~~~~~~~~~~~~~^
        cursor,
        ^^^^^^^
    ...<2 lines>...
        context,
        ^^^^^^^^
    )
    ^
  File "C:\apps\python\flask\api-gis\venv\Lib\site-packages\sqlalchemy\engine\default.py", line 943, in do_execute
    cursor.execute(statement, parameters)
    ~~~~~~~~~~~~~~^^^^^^^^^^^^^^^^^^^^^^^
sqlalchemy.exc.ProgrammingError: (psycopg2.errors.InsufficientPrivilege) permiso denegado a la tabla tg_sector

[SQL: INSERT INTO geo.tg_sector (gid, id_ubigeo, cod_sector, id_sector, area_grafi, peri_grafi, usuario_crea, fecha_crea, geom) SELECT p0::INTEGER, p1::VARCHAR, p2::VARCHAR, p3::VARCHAR, p4::FLOAT, p5::FLOAT, p6::INTEGER, p7::TIMESTAMP WITHOUT TIME ZONE, p ... 1087 characters truncated ... , p7, p8, sen_counter) ORDER BY sen_counter RETURNING geo.tg_sector.gid, geo.tg_sector.gid AS gid__1]
[parameters: {'cod_sector__0': '02', 'fecha_crea__0': datetime.datetime(2026, 7, 2, 4, 27, 27, 618624), 'peri_grafi__0': 1912.4138329214384, 'id_sector__0': '08130402', 'id_ubigeo__0': '081304', 'area_grafi__0': 93590.1858834743, 'geom__0': 'POLYGON ((768403.108001979 8544168.0706306,768393.335670473 8544177.46727254,768391.880609295 8544184.32988223,768383.515856786 8544192.32809315,7683 ... (3593 characters truncated) ... 4166.4065094,768430.089191583 8544167.66221841,768426.679355831 8544171.16090841,768423.094549887 8544170.18421385,768403.108001979 8544168.0706306))', 'usuario_crea__0': 5, 'cod_sector__1': '03', 'fecha_crea__1': datetime.datetime(2026, 7, 2, 4, 27, 27, 618624), 'peri_grafi__1': 2798.0466804202106, 'id_sector__1': '08130403', 'id_ubigeo__1': '081304', 'area_grafi__1': 117005.77848444635, 'geom__1': 'POLYGON ((768656.779658053 8544084.45246582,768678.202809149 8544077.27132928,768693.141738474 8544075.5550021,768701.573891479 8544036.78884655,7686 ... (1943 characters truncated) ... 113.03567611,768630.575100422 8544099.47040233,768641.989432555 8544089.6275868,768647.887226646 8544086.89626204,768656.779658053 8544084.45246582))', 'usuario_crea__1': 5, 'cod_sector__2': '04', 'fecha_crea__2': datetime.datetime(2026, 7, 2, 4, 27, 27, 618624), 'peri_grafi__2': 2966.627441561204, 'id_sector__2': '08130404', 'id_ubigeo__2': '081304', 'area_grafi__2': 101182.63992013875, 'geom__2': 'POLYGON ((767879.37916138 8544454.29316198,767866.407296823 8544440.16397023,767846.380095945 8544415.69115501,767837.555909669 8544401.16594833,7678 ... (1511 characters truncated) ...  8544479.0409,767893.537525574 8544473.51865724,767882.352906974 8544462.28370031,767877.111699312 8544456.2690411,767879.37916138 8544454.29316198))', 'usuario_crea__2': 5, 'cod_sector__3': '01', 'fecha_crea__3': datetime.datetime(2026, 7, 2, 4, 27, 27, 618624), 'peri_grafi__3': 1787.5917573119355, 'id_sector__3': '08130401', 'id_ubigeo__3': '081304', 'area_grafi__3': 93649.61853910983, 'geom__3': 'POLYGON ((768528.941086043 8544525.18979995,768516.233161243 8544512.03400904,768514.449542848 8544507.38287128,768511.696363269 8544480.74096669,768 ... (4399 characters truncated) ... 596.64235233,768558.511995769 8544581.73165331,768558.189437119 8544577.73791591,768539.12106774 8544540.64294169,768528.941086043 8544525.18979995))', 'usuario_crea__3': 5, 'cod_sector__4': '05', 'fecha_crea__4': datetime.datetime(2026, 7, 2, 4, 27, 27, 618624), 'peri_grafi__4': 987.2028066605026, 'id_sector__4': '08130405', 'id_ubigeo__4': '081304', 'area_grafi__4': 15583.12355223298, 'geom__4': 'POLYGON ((768739.234558693 8544986.87293566,768790.727594608 8544952.12781911,768779.901834911 8544896.02309203,768747.9195 8544903.2215,768733.32556 ... (749 characters truncated) ... 4892.49167926,768692.80731224 8544892.70476222,768695.566178265 8544909.9785365,768713.485839976 8544964.56815592,768739.234558693 8544986.87293566))', 'usuario_crea__4': 5}]
(Background on this error at: https://sqlalche.me/e/20/f405)
2026-07-01 23:29:34,203 [ERROR] app - Error al obtener config de backup
Traceback (most recent call last):
  File "C:\apps\python\flask\api-gis\venv\Lib\site-packages\sqlalchemy\engine\base.py", line 1963, in _exec_single_context
    self.dialect.do_execute(
    ~~~~~~~~~~~~~~~~~~~~~~~^
        cursor, str_statement, effective_parameters, context
        ^^^^^^^^^^^^^^^^^^^^^^^^^^^^^^^^^^^^^^^^^^^^^^^^^^^^
    )
    ^
  File "C:\apps\python\flask\api-gis\venv\Lib\site-packages\sqlalchemy\engine\default.py", line 943, in do_execute
    cursor.execute(statement, parameters)
    ~~~~~~~~~~~~~~^^^^^^^^^^^^^^^^^^^^^^^
psycopg2.errors.UndefinedTable: no existe la relación «catastro.tf_backup_config»
LINE 2: FROM catastro.tf_backup_config 
             ^


The above exception was the direct cause of the following exception:

Traceback (most recent call last):
  File "C:\apps\python\flask\api-gis\app\routes\backup.py", line 22, in obtener_configuracion
    config = BackupConfig.query.first()
  File "C:\apps\python\flask\api-gis\venv\Lib\site-packages\sqlalchemy\orm\query.py", line 2759, in first
    return self.limit(1)._iter().first()  # type: ignore
           ~~~~~~~~~~~~~~~~~~~^^
  File "C:\apps\python\flask\api-gis\venv\Lib\site-packages\sqlalchemy\orm\query.py", line 2857, in _iter
    result: Union[ScalarResult[_T], Result[_T]] = self.session.execute(
                                                  ~~~~~~~~~~~~~~~~~~~~^
        statement,
        ^^^^^^^^^^
        params,
        ^^^^^^^
        execution_options={"_sa_orm_load_options": self.load_options},
        ^^^^^^^^^^^^^^^^^^^^^^^^^^^^^^^^^^^^^^^^^^^^^^^^^^^^^^^^^^^^^^
    )
    ^
  File "C:\apps\python\flask\api-gis\venv\Lib\site-packages\sqlalchemy\orm\session.py", line 2365, in execute
    return self._execute_internal(
           ~~~~~~~~~~~~~~~~~~~~~~^
        statement,
        ^^^^^^^^^^
    ...<4 lines>...
        _add_event=_add_event,
        ^^^^^^^^^^^^^^^^^^^^^^
    )
    ^
  File "C:\apps\python\flask\api-gis\venv\Lib\site-packages\sqlalchemy\orm\session.py", line 2251, in _execute_internal
    result: Result[Any] = compile_state_cls.orm_execute_statement(
                          ~~~~~~~~~~~~~~~~~~~~~~~~~~~~~~~~~~~~~~~^
        self,
        ^^^^^
    ...<4 lines>...
        conn,
        ^^^^^
    )
    ^
  File "C:\apps\python\flask\api-gis\venv\Lib\site-packages\sqlalchemy\orm\context.py", line 306, in orm_execute_statement
    result = conn.execute(
        statement, params or {}, execution_options=execution_options
    )
  File "C:\apps\python\flask\api-gis\venv\Lib\site-packages\sqlalchemy\engine\base.py", line 1415, in execute
    return meth(
        self,
        distilled_parameters,
        execution_options or NO_OPTIONS,
    )
  File "C:\apps\python\flask\api-gis\venv\Lib\site-packages\sqlalchemy\sql\elements.py", line 523, in _execute_on_connection
    return connection._execute_clauseelement(
           ~~~~~~~~~~~~~~~~~~~~~~~~~~~~~~~~~^
        self, distilled_params, execution_options
        ^^^^^^^^^^^^^^^^^^^^^^^^^^^^^^^^^^^^^^^^^
    )
    ^
  File "C:\apps\python\flask\api-gis\venv\Lib\site-packages\sqlalchemy\engine\base.py", line 1637, in _execute_clauseelement
    ret = self._execute_context(
        dialect,
    ...<8 lines>...
        cache_hit=cache_hit,
    )
  File "C:\apps\python\flask\api-gis\venv\Lib\site-packages\sqlalchemy\engine\base.py", line 1842, in _execute_context
    return self._exec_single_context(
           ~~~~~~~~~~~~~~~~~~~~~~~~~^
        dialect, context, statement, parameters
        ^^^^^^^^^^^^^^^^^^^^^^^^^^^^^^^^^^^^^^^
    )
    ^
  File "C:\apps\python\flask\api-gis\venv\Lib\site-packages\sqlalchemy\engine\base.py", line 1982, in _exec_single_context
    self._handle_dbapi_exception(
    ~~~~~~~~~~~~~~~~~~~~~~~~~~~~^
        e, str_statement, effective_parameters, cursor, context
        ^^^^^^^^^^^^^^^^^^^^^^^^^^^^^^^^^^^^^^^^^^^^^^^^^^^^^^^
    )
    ^
  File "C:\apps\python\flask\api-gis\venv\Lib\site-packages\sqlalchemy\engine\base.py", line 2351, in _handle_dbapi_exception
    raise sqlalchemy_exception.with_traceback(exc_info[2]) from e
  File "C:\apps\python\flask\api-gis\venv\Lib\site-packages\sqlalchemy\engine\base.py", line 1963, in _exec_single_context
    self.dialect.do_execute(
    ~~~~~~~~~~~~~~~~~~~~~~~^
        cursor, str_statement, effective_parameters, context
        ^^^^^^^^^^^^^^^^^^^^^^^^^^^^^^^^^^^^^^^^^^^^^^^^^^^^
    )
    ^
  File "C:\apps\python\flask\api-gis\venv\Lib\site-packages\sqlalchemy\engine\default.py", line 943, in do_execute
    cursor.execute(statement, parameters)
    ~~~~~~~~~~~~~~^^^^^^^^^^^^^^^^^^^^^^^
sqlalchemy.exc.ProgrammingError: (psycopg2.errors.UndefinedTable) no existe la relación «catastro.tf_backup_config»
LINE 2: FROM catastro.tf_backup_config 
             ^

[SQL: SELECT catastro.tf_backup_config.id AS catastro_tf_backup_config_id, catastro.tf_backup_config.ruta_destino AS catastro_tf_backup_config_ruta_destino, catastro.tf_backup_config.frecuencia_tipo AS catastro_tf_backup_config_frecuencia_tipo, catastro.tf_backup_config.hora_backup AS catastro_tf_backup_config_hora_backup, catastro.tf_backup_config.activo AS catastro_tf_backup_config_activo, catastro.tf_backup_config.fecha_creacion AS catastro_tf_backup_config_fecha_creacion, catastro.tf_backup_config.fecha_actualizacion AS catastro_tf_backup_config_fecha_actualizacion 
FROM catastro.tf_backup_config 
 LIMIT %(param_1)s]
[parameters: {'param_1': 1}]
(Background on this error at: https://sqlalche.me/e/20/f405)
